<?xml version="1.0" encoding="UTF-8"?>
<testng-results ignored="0" total="1" passed="1" failed="0" skipped="0">
  <reporter-output>
  </reporter-output>
  <suite started-at="2026-07-11T14:53:08 IST" name="Default suite" finished-at="2026-07-11T14:53:38 IST" duration-ms="29763">
    <groups>
    </groups>
    <test started-at="2026-07-11T14:53:08 IST" name="Default test" finished-at="2026-07-11T14:53:38 IST" duration-ms="29763">
      <class name="org.demo.Login">
        <test-method signature="tc1()[pri:0, instance:org.demo.Login@1ce24091]" started-at="2026-07-11T14:53:08 IST" name="tc1" finished-at="2026-07-11T14:53:38 IST" duration-ms="29641" status="PASS">
          <reporter-output>
          </reporter-output>
        </test-method> <!-- tc1 -->
      </class> <!-- org.demo.Login -->
    </test> <!-- Default test -->
  </suite> <!-- Default suite -->
</testng-results>
